[Info] [4:47 PM, Tuesday, 30 August, 2022] Will load LibBulletJME from:
[Info] [4:47 PM, Tuesday, 30 August, 2022] 	C:\ProcessingSketches\sketches\sketch_GameEngine_Simpler_ECS\lib
[Info] [4:47 PM, Tuesday, 30 August, 2022] Sketch arguments:
[Info] [4:47 PM, Tuesday, 30 August, 2022] 	processing.core.PApplet --display=1 --sketch-path=C:\ProcessingSketches\sketches\sketch_GameEngine_Simpler_ECS sketch_GameEngine_Simpler_ECS
[Info] [4:47 PM, Tuesday, 30 August, 2022] Yep! The sketch is running inside the PDE!
[Info] [4:47 PM, Tuesday, 30 August, 2022] `engineSetup()` TO BE CALLED!
[Info] [4:47 PM, Tuesday, 30 August, 2022] `Assets.init()` was called.
[Warn] [4:47 PM, Tuesday, 30 August, 2022] Test warning!
[ERROR] [4:47 PM, Tuesday, 30 August, 2022] Fake error!
[EXCEPTION] [4:47 PM, Tuesday, 30 August, 2022]
		java.lang.Exception: Don't worry! This is a test!
	at sketch_GameEngine_Simpler_ECS.engineSetup(sketch_GameEngine_Simpler_ECS.java:2537)
	at sketch_GameEngine_Simpler_ECS.setup(sketch_GameEngine_Simpler_ECS.java:243)
	at processing.core.PApplet.handleDraw(PApplet.java:2432)
	at processing.opengl.PSurfaceJOGL$DrawListener.display(PSurfaceJOGL.java:866)
	at jogamp.opengl.GLDrawableHelper.displayImpl(GLDrawableHelper.java:692)
	at jogamp.opengl.GLDrawableHelper.display(GLDrawableHelper.java:674)
	at jogamp.opengl.GLAutoDrawableBase$2.run(GLAutoDrawableBase.java:443)
	at jogamp.opengl.GLDrawableHelper.invokeGLImpl(GLDrawableHelper.java:1293)
	at jogamp.opengl.GLDrawableHelper.invokeGL(GLDrawableHelper.java:1147)
	at com.jogamp.newt.opengl.GLWindow.display(GLWindow.java:759)
	at com.jogamp.opengl.util.AWTAnimatorImpl.display(AWTAnimatorImpl.java:81)
	at com.jogamp.opengl.util.AnimatorBase.display(AnimatorBase.java:452)
	at com.jogamp.opengl.util.FPSAnimator$MainTask.run(FPSAnimator.java:178)
	at java.util.TimerThread.mainLoop(Timer.java:555)
	at java.util.TimerThread.run(Timer.java:505)

[Info] [4:47 PM, Tuesday, 30 August, 2022] `engineSetup()` succeded.
[Info] [4:48 PM, Tuesday, 30 August, 2022] `engineExit()` called...
